Added Component: Designator=C1(C0603)
Added Component: Designator=C2(C0603)
Added Component: Designator=C3(C0603)
Added Component: Designator=C4(C0603)
Added Component: Designator=C5(C0603)
Added Component: Designator=C7(C0603)
Added Component: Designator=C8(C0603)
Added Component: Designator=CON14(HDR-TH_15P-P2.54-V-F - duplicate)
Added Component: Designator=CON15(HDR-TH_15P-P2.54-V-F)
Add Component: Footprint Not Found LED
Add Component: Footprint Not Found LED
Add Component: Footprint Not Found AXIAL0.4
Added Component: Designator=R2(R0603)
Added Component: Designator=R3(R0603)
Added Component: Designator=R4(R0603)
Add Component: Footprint Not Found AXIAL0.4
Add Component: Footprint Not Found AXIAL0.4
Added Component: Designator=R8(R0603)
Added Component: Designator=RX(LED0603-R-RD)
Added Component: Designator=TX(LED0603-R-RD)
Add Component: Footprint Not Found TQFP-32_L7.0-W7.0-P0.80-LS9.0-BL
Added Component: Designator=U2(SOT-89-3_L4.5-W2.5-P1.50-LS4.2-BR)
Added Component: Designator=U3(SOT223_N)
Added Component: Designator=U6(CH340)
Added Component: Designator=USB-1(USB-C-TYPE-C)
Added Component: Designator=X1(JINZHEN)
Added Pin To Net: NetName=+5V Pin=C2-2
Added Pin To Net: NetName=+5V Pin=C3-1
Added Pin To Net: NetName=+5V Pin=CON15-4
Added Pin To Net: NetName=+5V Pin=R3-2
Added Pin To Net: NetName=+5V Pin=R4-2
Added Pin To Net: NetName=+5V Pin=R8-1
Added Pin To Net: NetName=+5V Pin=U2-2
Added Pin To Net: NetName=+5V Pin=U2-2
Added Pin To Net: NetName=+5V Pin=U2-2
Added Pin To Net: NetName=+5V Pin=U3-2
Added Pin To Net: NetName=+5V Pin=U6-5
Added Pin To Net: NetName=+5V Pin=U6-8
Added Net: Name=+5V
Added Pin To Net: NetName=3.3V Pin=CON14-3
Added Pin To Net: NetName=3.3V Pin=CON15-3
Added Pin To Net: NetName=3.3V Pin=U2-3
Added Net: Name=3.3V
Added Pin To Net: NetName=A0 Pin=CON15-12
Added Net: Name=A0
Added Pin To Net: NetName=A1 Pin=CON15-11
Added Net: Name=A1
Added Pin To Net: NetName=A2 Pin=CON15-10
Added Net: Name=A2
Added Pin To Net: NetName=A3 Pin=CON15-9
Added Net: Name=A3
Added Pin To Net: NetName=A4 Pin=CON15-8
Added Net: Name=A4
Added Pin To Net: NetName=A5 Pin=CON15-7
Added Net: Name=A5
Added Pin To Net: NetName=A6 Pin=CON15-6
Added Net: Name=A6
Added Pin To Net: NetName=A7 Pin=CON15-5
Added Net: Name=A7
Added Pin To Net: NetName=AREF Pin=C5-1
Added Pin To Net: NetName=AREF Pin=CON15-13
Added Net: Name=AREF
Added Pin To Net: NetName=D0/RX Pin=CON14-2
Added Pin To Net: NetName=D0/RX Pin=U6-6
Added Net: Name=D0/RX
Added Pin To Net: NetName=D1/TX Pin=CON14-1
Added Pin To Net: NetName=D1/TX Pin=U6-7
Added Net: Name=D1/TX
Added Pin To Net: NetName=D2 Pin=CON14-5
Added Net: Name=D2
Added Pin To Net: NetName=D3 Pin=CON14-6
Added Net: Name=D3
Added Pin To Net: NetName=D4 Pin=CON14-7
Added Net: Name=D4
Added Pin To Net: NetName=D5 Pin=CON14-8
Added Net: Name=D5
Added Pin To Net: NetName=D6 Pin=CON14-9
Added Net: Name=D6
Added Pin To Net: NetName=D7 Pin=CON14-10
Added Net: Name=D7
Added Pin To Net: NetName=D8 Pin=CON14-11
Added Net: Name=D8
Added Pin To Net: NetName=D9 Pin=CON14-12
Added Net: Name=D9
Added Pin To Net: NetName=D10 Pin=CON14-13
Added Net: Name=D10
Added Pin To Net: NetName=D11 Pin=CON14-14
Added Net: Name=D11
Added Pin To Net: NetName=D12 Pin=CON14-15
Added Net: Name=D12
Added Pin To Net: NetName=D13 Pin=CON15-15
Added Net: Name=D13
Added Pin To Net: NetName=D+ Pin=U6-1
Added Pin To Net: NetName=D+ Pin=USB-1-A6
Added Pin To Net: NetName=D+ Pin=USB-1-B6
Added Net: Name=D+
Added Pin To Net: NetName=D- Pin=U6-2
Added Pin To Net: NetName=D- Pin=USB-1-A7
Added Pin To Net: NetName=D- Pin=USB-1-B7
Added Net: Name=D-
Added Pin To Net: NetName=GND Pin=C1-1
Added Pin To Net: NetName=GND Pin=C2-1
Added Pin To Net: NetName=GND Pin=C3-2
Added Pin To Net: NetName=GND Pin=C5-2
Added Pin To Net: NetName=GND Pin=C7-2
Added Pin To Net: NetName=GND Pin=C8-2
Added Pin To Net: NetName=GND Pin=CON14-4
Added Pin To Net: NetName=GND Pin=CON15-2
Added Pin To Net: NetName=GND Pin=CON15-14
Added Pin To Net: NetName=GND Pin=R2-1
Added Pin To Net: NetName=GND Pin=RX-2
Added Pin To Net: NetName=GND Pin=TX-2
Added Pin To Net: NetName=GND Pin=U2-1
Added Pin To Net: NetName=GND Pin=U3-1
Added Pin To Net: NetName=GND Pin=U6-3
Added Pin To Net: NetName=GND Pin=USB-1-A1B12
Added Pin To Net: NetName=GND Pin=USB-1-B1A12
Added Net: Name=GND
Added Pin To Net: NetName=NetC1_2 Pin=C1-2
Added Pin To Net: NetName=NetC1_2 Pin=U3-3
Added Net: Name=NetC1_2
Added Pin To Net: NetName=NetC4_1 Pin=C4-1
Added Pin To Net: NetName=NetC4_1 Pin=R8-2
Added Net: Name=NetC4_1
Added Pin To Net: NetName=NetC7_1 Pin=C7-1
Added Pin To Net: NetName=NetC7_1 Pin=X1-1
Added Net: Name=NetC7_1
Added Pin To Net: NetName=NetC8_1 Pin=C8-1
Added Pin To Net: NetName=NetC8_1 Pin=X1-3
Added Net: Name=NetC8_1
Added Net: Name=NetD13_1
Added Pin To Net: NetName=NetPOWER_1 Pin=R3-1
Added Net: Name=NetPOWER_1
Added Pin To Net: NetName=NetR1_2 Pin=USB-1-B5
Added Net: Name=NetR1_2
Added Pin To Net: NetName=NetR2_2 Pin=R2-2
Added Pin To Net: NetName=NetR2_2 Pin=USB-1-A5
Added Net: Name=NetR2_2
Added Pin To Net: NetName=NetR4_1 Pin=R4-1
Added Pin To Net: NetName=NetR4_1 Pin=RX-1
Added Net: Name=NetR4_1
Added Pin To Net: NetName=NetR6_1 Pin=TX-1
Added Net: Name=NetR6_1
Added Pin To Net: NetName=RESET Pin=C4-2
Added Pin To Net: NetName=RESET Pin=U6-4
Added Net: Name=RESET
Added Pin To Net: NetName=VBUS Pin=CON15-1
Added Pin To Net: NetName=VBUS Pin=USB-1-A4B9
Added Pin To Net: NetName=VBUS Pin=USB-1-B4A9
Added Net: Name=VBUS
Added Class: Name=Sheet
Added Room: Name=Sheet
