Added Component: Designator=D13(LED0603-R-RD)
Add Component: Footprint Not Found LED
Added Component: Designator=R1(R0603)
Added Component: Designator=R6(R0603)
Added Component: Designator=U1(arduino--main_IC)
Add Pin To Net: Unknown Pin: Pin D1-1
Add Pin To Net: Unknown Pin: Pin D1-2
Added Pin To Net: NetName=NetD13_1 Pin=D13-1
Added Pin To Net: NetName=GND Pin=D13-2
Add Pin To Net: Unknown Pin: Pin H3-1
Add Pin To Net: Unknown Pin: Pin H3-2
Add Pin To Net: Unknown Pin: Pin H3-3
Add Pin To Net: Unknown Pin: Pin H3-4
Add Pin To Net: Unknown Pin: Pin H3-5
Add Pin To Net: Unknown Pin: Pin H3-6
Add Pin To Net: Unknown Pin: Pin POWER-1
Add Pin To Net: Unknown Pin: Pin POWER-2
Added Pin To Net: NetName=GND Pin=R1-1
Added Pin To Net: NetName=NetR1_2 Pin=R1-2
Added Pin To Net: NetName=NetR6_1 Pin=R6-1
Added Pin To Net: NetName=+5V Pin=R6-2
Add Pin To Net: Unknown Pin: Pin RST-1
Add Pin To Net: Unknown Pin: Pin RST-4
Added Pin To Net: NetName=D3 Pin=U1-1
Added Pin To Net: NetName=D4 Pin=U1-2
Added Pin To Net: NetName=GND Pin=U1-3
Added Pin To Net: NetName=+5V Pin=U1-4
Added Pin To Net: NetName=GND Pin=U1-5
Added Pin To Net: NetName=+5V Pin=U1-6
Added Pin To Net: NetName=NetC7_1 Pin=U1-7
Added Pin To Net: NetName=NetC8_1 Pin=U1-8
Added Pin To Net: NetName=D5 Pin=U1-9
Added Pin To Net: NetName=D6 Pin=U1-10
Added Pin To Net: NetName=D7 Pin=U1-11
Added Pin To Net: NetName=D8 Pin=U1-12
Added Pin To Net: NetName=D9 Pin=U1-13
Added Pin To Net: NetName=D10 Pin=U1-14
Added Pin To Net: NetName=D11 Pin=U1-15
Added Pin To Net: NetName=D12 Pin=U1-16
Added Pin To Net: NetName=D13 Pin=U1-17
Added Pin To Net: NetName=+5V Pin=U1-18
Added Pin To Net: NetName=A6 Pin=U1-19
Added Pin To Net: NetName=AREF Pin=U1-20
Added Pin To Net: NetName=GND Pin=U1-21
Added Pin To Net: NetName=A7 Pin=U1-22
Added Pin To Net: NetName=A0 Pin=U1-23
Added Pin To Net: NetName=A1 Pin=U1-24
Added Pin To Net: NetName=A2 Pin=U1-25
Added Pin To Net: NetName=A3 Pin=U1-26
Added Pin To Net: NetName=A4 Pin=U1-27
Added Pin To Net: NetName=A5 Pin=U1-28
Added Pin To Net: NetName=RESET Pin=U1-29
Added Pin To Net: NetName=D0/RX Pin=U1-30
Added Pin To Net: NetName=D1/TX Pin=U1-31
Added Pin To Net: NetName=D2 Pin=U1-32
Add Class Member: Failed to add class member : Component D1 SS36
Added Member To Class: ClassName=Sheet Member=Component D13 B_LED
Add Class Member: Failed to add class member : Component H3
Add Class Member: Failed to add class member : Component POWER B_LED
Added Member To Class: ClassName=Sheet Member=Component R1 5.1k
Added Member To Class: ClassName=Sheet Member=Component R6 1k
Add Class Member: Failed to add class member : Component RST KEY
Added Member To Class: ClassName=Sheet Member=Component U1 ATMEGA328P-AU
