Added Component: Designator=C3(C0603)
Added Component: Designator=C4(C0603)
Added Component: Designator=C5(C0603)
Added Component: Designator=C7(C0603)
Added Component: Designator=C8(C0603)
Add Component: Footprint Not Found LED
Add Component: Footprint Not Found LED
Add Component: Footprint Not Found AXIAL0.4
Added Component: Designator=R2(R0603)
Add Component: Footprint Not Found AXIAL0.4
Add Component: Footprint Not Found AXIAL0.4
Added Component: Designator=R8(R0603)
Add Component: Footprint Not Found TQFP-32_L7.0-W7.0-P0.80-LS9.0-BL
Added Component: Designator=U2(SOT-89-3_L4.5-W2.5-P1.50-LS4.2-BR)
Added Component: Designator=U6(CH340)
Added Component: Designator=X1(JINZHEN)
Added Pin To Net: NetName=+5V Pin=C3-1
Added Pin To Net: NetName=GND Pin=C3-2
Added Pin To Net: NetName=NetC4_1 Pin=C4-1
Added Pin To Net: NetName=RESET Pin=C4-2
Added Pin To Net: NetName=AREF Pin=C5-1
Added Pin To Net: NetName=GND Pin=C5-2
Added Pin To Net: NetName=NetC7_1 Pin=C7-1
Added Pin To Net: NetName=GND Pin=C7-2
Added Pin To Net: NetName=NetC8_1 Pin=C8-1
Added Pin To Net: NetName=GND Pin=C8-2
Add Pin To Net: Unknown Pin: Pin D1-1
Add Pin To Net: Unknown Pin: Pin D1-2
Add Pin To Net: Unknown Pin: Pin D13-1
Add Pin To Net: Unknown Pin: Pin D13-2
Add Pin To Net: Unknown Pin: Pin H3-1
Add Pin To Net: Unknown Pin: Pin H3-2
Add Pin To Net: Unknown Pin: Pin H3-3
Add Pin To Net: Unknown Pin: Pin H3-4
Add Pin To Net: Unknown Pin: Pin H3-5
Add Pin To Net: Unknown Pin: Pin H3-6
Add Pin To Net: Unknown Pin: Pin POWER-1
Add Pin To Net: Unknown Pin: Pin POWER-2
Add Pin To Net: Unknown Pin: Pin R1-1
Add Pin To Net: Unknown Pin: Pin R1-2
Added Pin To Net: NetName=GND Pin=R2-1
Added Pin To Net: NetName=NetR2_2 Pin=R2-2
Add Pin To Net: Unknown Pin: Pin R5-1
Add Pin To Net: Unknown Pin: Pin R5-2
Add Pin To Net: Unknown Pin: Pin R6-1
Add Pin To Net: Unknown Pin: Pin R6-2
Added Pin To Net: NetName=+5V Pin=R8-1
Added Pin To Net: NetName=NetC4_1 Pin=R8-2
Add Pin To Net: Unknown Pin: Pin RST-1
Add Pin To Net: Unknown Pin: Pin RST-4
Add Pin To Net: Unknown Pin: Pin U1-1
Add Pin To Net: Unknown Pin: Pin U1-2
Add Pin To Net: Unknown Pin: Pin U1-3
Add Pin To Net: Unknown Pin: Pin U1-4
Add Pin To Net: Unknown Pin: Pin U1-5
Add Pin To Net: Unknown Pin: Pin U1-6
Add Pin To Net: Unknown Pin: Pin U1-7
Add Pin To Net: Unknown Pin: Pin U1-8
Add Pin To Net: Unknown Pin: Pin U1-9
Add Pin To Net: Unknown Pin: Pin U1-10
Add Pin To Net: Unknown Pin: Pin U1-11
Add Pin To Net: Unknown Pin: Pin U1-12
Add Pin To Net: Unknown Pin: Pin U1-13
Add Pin To Net: Unknown Pin: Pin U1-14
Add Pin To Net: Unknown Pin: Pin U1-15
Add Pin To Net: Unknown Pin: Pin U1-16
Add Pin To Net: Unknown Pin: Pin U1-17
Add Pin To Net: Unknown Pin: Pin U1-18
Add Pin To Net: Unknown Pin: Pin U1-19
Add Pin To Net: Unknown Pin: Pin U1-20
Add Pin To Net: Unknown Pin: Pin U1-21
Add Pin To Net: Unknown Pin: Pin U1-22
Add Pin To Net: Unknown Pin: Pin U1-23
Add Pin To Net: Unknown Pin: Pin U1-24
Add Pin To Net: Unknown Pin: Pin U1-25
Add Pin To Net: Unknown Pin: Pin U1-26
Add Pin To Net: Unknown Pin: Pin U1-27
Add Pin To Net: Unknown Pin: Pin U1-28
Add Pin To Net: Unknown Pin: Pin U1-29
Add Pin To Net: Unknown Pin: Pin U1-30
Add Pin To Net: Unknown Pin: Pin U1-31
Add Pin To Net: Unknown Pin: Pin U1-32
Added Pin To Net: NetName=GND Pin=U2-1
Added Pin To Net: NetName=+5V Pin=U2-2
Added Pin To Net: NetName=+5V Pin=U2-2
Added Pin To Net: NetName=+5V Pin=U2-2
Added Pin To Net: NetName=3.3V Pin=U2-3
Added Pin To Net: NetName=D+ Pin=U6-1
Added Pin To Net: NetName=D- Pin=U6-2
Added Pin To Net: NetName=GND Pin=U6-3
Added Pin To Net: NetName=RESET Pin=U6-4
Added Pin To Net: NetName=+5V Pin=U6-5
Added Pin To Net: NetName=D0/RX Pin=U6-6
Added Pin To Net: NetName=D1/TX Pin=U6-7
Added Pin To Net: NetName=+5V Pin=U6-8
Added Pin To Net: NetName=NetC7_1 Pin=X1-1
Added Pin To Net: NetName=NetC8_1 Pin=X1-3
Added Member To Class: ClassName=Sheet Member=Component C3 100nf
Added Member To Class: ClassName=Sheet Member=Component C4 100nf
Added Member To Class: ClassName=Sheet Member=Component C5 100nf
Added Member To Class: ClassName=Sheet Member=Component C7 22pf
Added Member To Class: ClassName=Sheet Member=Component C8 22pf
Add Class Member: Failed to add class member : Component D1 SS36
Add Class Member: Failed to add class member : Component D13 B_LED
Add Class Member: Failed to add class member : Component H3
Add Class Member: Failed to add class member : Component POWER B_LED
Add Class Member: Failed to add class member : Component R1 5.1k
Added Member To Class: ClassName=Sheet Member=Component R2 5.1k
Add Class Member: Failed to add class member : Component R5 1k
Add Class Member: Failed to add class member : Component R6 1k
Added Member To Class: ClassName=Sheet Member=Component R8 1k
Add Class Member: Failed to add class member : Component RST KEY
Add Class Member: Failed to add class member : Component U1 ATMEGA328P-AU
Added Member To Class: ClassName=Sheet Member=Component U2 HT7333-3
Added Member To Class: ClassName=Sheet Member=Component U6 CH340
Added Member To Class: ClassName=Sheet Member=Component X1 jinzhen
