Added Component: Designator=C1(C0603)
Added Component: Designator=C2(C0603)
Added Component: Designator=C3(C0603)
Added Component: Designator=C4(C0603)
Added Component: Designator=C5(C0603)
Added Component: Designator=C7(C0603)
Added Component: Designator=C8(C0603)
Added Component: Designator=CON14(HDR-TH_15P-P2.54-V-F - duplicate)
Added Component: Designator=CON15(HDR-TH_15P-P2.54-V-F)
Added Component: Designator=D1(SMA_L4.3-W2.6-LS5.2-RD)
Added Component: Designator=D13(LED0603-R-RD)
Added Component: Designator=H3(HDR-TH_6P-P2.54-V_Z-211-0611-0021-001)
Added Component: Designator=POWER(LED0603-R-RD)
Added Component: Designator=R1(R0603)
Added Component: Designator=R2(R0603)
Added Component: Designator=R3(R0603)
Added Component: Designator=R4(R0603)
Added Component: Designator=R5(R0603)
Added Component: Designator=R6(R0603)
Added Component: Designator=R8(R0603)
Added Component: Designator=RST(KEY-SMD_4P-)
Added Component: Designator=RX(LED0603-R-RD)
Added Component: Designator=TX(LED0603-R-RD)
Added Component: Designator=U1(arduino--main_IC)
Added Component: Designator=U2(SOT-89-3_L4.5-W2.5-P1.50-LS4.2-BR)
Added Component: Designator=U3(SOT223_N)
Added Component: Designator=U6(CH340)
Added Component: Designator=USB-1(USB-C-TYPE-C)
Added Component: Designator=X1(JINZHEN)
Added Pin To Net: NetName=GND Pin=C1-1
Added Pin To Net: NetName=NetC1_2 Pin=C1-2
Added Pin To Net: NetName=GND Pin=C2-1
Added Pin To Net: NetName=+5V Pin=C2-2
Added Pin To Net: NetName=+5V Pin=C3-1
Added Pin To Net: NetName=GND Pin=C3-2
Added Pin To Net: NetName=NetC4_1 Pin=C4-1
Added Pin To Net: NetName=RESET Pin=C4-2
Added Pin To Net: NetName=AREF Pin=C5-1
Added Pin To Net: NetName=GND Pin=C5-2
Added Pin To Net: NetName=NetC7_1 Pin=C7-1
Added Pin To Net: NetName=GND Pin=C7-2
Added Pin To Net: NetName=NetC8_1 Pin=C8-1
Added Pin To Net: NetName=GND Pin=C8-2
Added Pin To Net: NetName=D1/TX Pin=CON14-1
Added Pin To Net: NetName=D0/RX Pin=CON14-2
Added Pin To Net: NetName=3.3V Pin=CON14-3
Added Pin To Net: NetName=GND Pin=CON14-4
Added Pin To Net: NetName=D2 Pin=CON14-5
Added Pin To Net: NetName=D3 Pin=CON14-6
Added Pin To Net: NetName=D4 Pin=CON14-7
Added Pin To Net: NetName=D5 Pin=CON14-8
Added Pin To Net: NetName=D6 Pin=CON14-9
Added Pin To Net: NetName=D7 Pin=CON14-10
Added Pin To Net: NetName=D8 Pin=CON14-11
Added Pin To Net: NetName=D9 Pin=CON14-12
Added Pin To Net: NetName=D10 Pin=CON14-13
Added Pin To Net: NetName=D11 Pin=CON14-14
Added Pin To Net: NetName=D12 Pin=CON14-15
Added Pin To Net: NetName=VBUS Pin=CON15-1
Added Pin To Net: NetName=GND Pin=CON15-2
Added Pin To Net: NetName=3.3V Pin=CON15-3
Added Pin To Net: NetName=+5V Pin=CON15-4
Added Pin To Net: NetName=A7 Pin=CON15-5
Added Pin To Net: NetName=A6 Pin=CON15-6
Added Pin To Net: NetName=A5 Pin=CON15-7
Added Pin To Net: NetName=A4 Pin=CON15-8
Added Pin To Net: NetName=A3 Pin=CON15-9
Added Pin To Net: NetName=A2 Pin=CON15-10
Added Pin To Net: NetName=A1 Pin=CON15-11
Added Pin To Net: NetName=A0 Pin=CON15-12
Added Pin To Net: NetName=AREF Pin=CON15-13
Added Pin To Net: NetName=GND Pin=CON15-14
Added Pin To Net: NetName=D13 Pin=CON15-15
Added Pin To Net: NetName=VBUS Pin=D1-1
Added Pin To Net: NetName=NetC1_2 Pin=D1-2
Added Pin To Net: NetName=NetD13_1 Pin=D13-1
Added Pin To Net: NetName=GND Pin=D13-2
Added Pin To Net: NetName=+5V Pin=H3-1
Added Pin To Net: NetName=3.3V Pin=H3-2
Added Pin To Net: NetName=GND Pin=H3-3
Added Pin To Net: NetName=GND Pin=H3-4
Added Pin To Net: NetName=3.3V Pin=H3-5
Added Pin To Net: NetName=+5V Pin=H3-6
Added Pin To Net: NetName=NetPOWER_1 Pin=POWER-1
Added Pin To Net: NetName=GND Pin=POWER-2
Added Pin To Net: NetName=GND Pin=R1-1
Added Pin To Net: NetName=NetR1_2 Pin=R1-2
Added Pin To Net: NetName=GND Pin=R2-1
Added Pin To Net: NetName=NetR2_2 Pin=R2-2
Added Pin To Net: NetName=NetPOWER_1 Pin=R3-1
Added Pin To Net: NetName=+5V Pin=R3-2
Added Pin To Net: NetName=NetR4_1 Pin=R4-1
Added Pin To Net: NetName=+5V Pin=R4-2
Added Pin To Net: NetName=NetD13_1 Pin=R5-1
Added Pin To Net: NetName=D13 Pin=R5-2
Added Pin To Net: NetName=NetR6_1 Pin=R6-1
Added Pin To Net: NetName=+5V Pin=R6-2
Added Pin To Net: NetName=+5V Pin=R8-1
Added Pin To Net: NetName=NetC4_1 Pin=R8-2
Added Pin To Net: NetName=GND Pin=RST-1
Added Pin To Net: NetName=NetC4_1 Pin=RST-4
Added Pin To Net: NetName=NetR4_1 Pin=RX-1
Added Pin To Net: NetName=GND Pin=RX-2
Added Pin To Net: NetName=NetR6_1 Pin=TX-1
Added Pin To Net: NetName=GND Pin=TX-2
Added Pin To Net: NetName=D3 Pin=U1-1
Added Pin To Net: NetName=D4 Pin=U1-2
Added Pin To Net: NetName=GND Pin=U1-3
Added Pin To Net: NetName=+5V Pin=U1-4
Added Pin To Net: NetName=GND Pin=U1-5
Added Pin To Net: NetName=+5V Pin=U1-6
Added Pin To Net: NetName=NetC7_1 Pin=U1-7
Added Pin To Net: NetName=NetC8_1 Pin=U1-8
Added Pin To Net: NetName=D5 Pin=U1-9
Added Pin To Net: NetName=D6 Pin=U1-10
Added Pin To Net: NetName=D7 Pin=U1-11
Added Pin To Net: NetName=D8 Pin=U1-12
Added Pin To Net: NetName=D9 Pin=U1-13
Added Pin To Net: NetName=D10 Pin=U1-14
Added Pin To Net: NetName=D11 Pin=U1-15
Added Pin To Net: NetName=D12 Pin=U1-16
Added Pin To Net: NetName=D13 Pin=U1-17
Added Pin To Net: NetName=+5V Pin=U1-18
Added Pin To Net: NetName=A6 Pin=U1-19
Added Pin To Net: NetName=AREF Pin=U1-20
Added Pin To Net: NetName=GND Pin=U1-21
Added Pin To Net: NetName=A7 Pin=U1-22
Added Pin To Net: NetName=A0 Pin=U1-23
Added Pin To Net: NetName=A1 Pin=U1-24
Added Pin To Net: NetName=A2 Pin=U1-25
Added Pin To Net: NetName=A3 Pin=U1-26
Added Pin To Net: NetName=A4 Pin=U1-27
Added Pin To Net: NetName=A5 Pin=U1-28
Added Pin To Net: NetName=RESET Pin=U1-29
Added Pin To Net: NetName=D0/RX Pin=U1-30
Added Pin To Net: NetName=D1/TX Pin=U1-31
Added Pin To Net: NetName=D2 Pin=U1-32
Added Pin To Net: NetName=GND Pin=U2-1
Added Pin To Net: NetName=+5V Pin=U2-2
Added Pin To Net: NetName=+5V Pin=U2-2
Added Pin To Net: NetName=+5V Pin=U2-2
Added Pin To Net: NetName=3.3V Pin=U2-3
Added Pin To Net: NetName=GND Pin=U3-1
Added Pin To Net: NetName=+5V Pin=U3-2
Added Pin To Net: NetName=NetC1_2 Pin=U3-3
Added Pin To Net: NetName=D+ Pin=U6-1
Added Pin To Net: NetName=D- Pin=U6-2
Added Pin To Net: NetName=GND Pin=U6-3
Added Pin To Net: NetName=RESET Pin=U6-4
Added Pin To Net: NetName=+5V Pin=U6-5
Added Pin To Net: NetName=D0/RX Pin=U6-6
Added Pin To Net: NetName=D1/TX Pin=U6-7
Added Pin To Net: NetName=+5V Pin=U6-8
Added Pin To Net: NetName=GND Pin=USB-1-A1B12
Added Pin To Net: NetName=VBUS Pin=USB-1-A4B9
Added Pin To Net: NetName=NetR2_2 Pin=USB-1-A5
Added Pin To Net: NetName=D+ Pin=USB-1-A6
Added Pin To Net: NetName=D- Pin=USB-1-A7
Added Pin To Net: NetName=GND Pin=USB-1-B1A12
Added Pin To Net: NetName=VBUS Pin=USB-1-B4A9
Added Pin To Net: NetName=NetR1_2 Pin=USB-1-B5
Added Pin To Net: NetName=D+ Pin=USB-1-B6
Added Pin To Net: NetName=D- Pin=USB-1-B7
Added Pin To Net: NetName=NetC7_1 Pin=X1-1
Added Pin To Net: NetName=NetC8_1 Pin=X1-3
Added Member To Class: ClassName=Sheet Member=Component C1 10uf
Added Member To Class: ClassName=Sheet Member=Component C2 22uf
Added Member To Class: ClassName=Sheet Member=Component C3 100nf
Added Member To Class: ClassName=Sheet Member=Component C4 100nf
Added Member To Class: ClassName=Sheet Member=Component C5 100nf
Added Member To Class: ClassName=Sheet Member=Component C7 22pf
Added Member To Class: ClassName=Sheet Member=Component C8 22pf
Added Member To Class: ClassName=Sheet Member=Component CON14 CON?
Added Member To Class: ClassName=Sheet Member=Component CON15 CON?
Added Member To Class: ClassName=Sheet Member=Component D1 SS36
Added Member To Class: ClassName=Sheet Member=Component D13 B_LED
Added Member To Class: ClassName=Sheet Member=Component H3
Added Member To Class: ClassName=Sheet Member=Component POWER B_LED
Added Member To Class: ClassName=Sheet Member=Component R1 5.1k
Added Member To Class: ClassName=Sheet Member=Component R2 5.1k
Added Member To Class: ClassName=Sheet Member=Component R3 1k
Added Member To Class: ClassName=Sheet Member=Component R4 1k
Added Member To Class: ClassName=Sheet Member=Component R5 1k
Added Member To Class: ClassName=Sheet Member=Component R6 1k
Added Member To Class: ClassName=Sheet Member=Component R8 1k
Added Member To Class: ClassName=Sheet Member=Component RST KEY
Added Member To Class: ClassName=Sheet Member=Component RX B_LED
Added Member To Class: ClassName=Sheet Member=Component TX B_LED
Added Member To Class: ClassName=Sheet Member=Component U1 ATMEGA328P-AU
Added Member To Class: ClassName=Sheet Member=Component U2 HT7333-3
Added Member To Class: ClassName=Sheet Member=Component U3 AMS1117
Added Member To Class: ClassName=Sheet Member=Component U6 CH340
Added Member To Class: ClassName=Sheet Member=Component USB-1 TYPE-C
Added Member To Class: ClassName=Sheet Member=Component X1 jinzhen
Added Room: Name=Sheet
