Replace Part C1 CAP_2 in C:\Users\11868\Documents\GitHub\Arduino-brd\Hareware\Sheet.SchDoc with CAP_2 from Schlib.SchLib
Replace Part C2 CAP_3 in C:\Users\11868\Documents\GitHub\Arduino-brd\Hareware\Sheet.SchDoc with CAP_3 from Schlib.SchLib
Replace Part C3 CAP_1 in C:\Users\11868\Documents\GitHub\Arduino-brd\Hareware\Sheet.SchDoc with CAP_1 from Schlib.SchLib
Replace Part C4 CAP_1 in C:\Users\11868\Documents\GitHub\Arduino-brd\Hareware\Sheet.SchDoc with CAP_1 from Schlib.SchLib
Replace Part C5 CAP_1 in C:\Users\11868\Documents\GitHub\Arduino-brd\Hareware\Sheet.SchDoc with CAP_1 from Schlib.SchLib
Replace Part C7 CAP in C:\Users\11868\Documents\GitHub\Arduino-brd\Hareware\Sheet.SchDoc with CAP from Schlib.SchLib
Replace Part C8 CAP in C:\Users\11868\Documents\GitHub\Arduino-brd\Hareware\Sheet.SchDoc with CAP from Schlib.SchLib
Replace Part D1 SS36 in C:\Users\11868\Documents\GitHub\Arduino-brd\Hareware\Sheet.SchDoc with SS36 from Schlib.SchLib
Replace Part D13 B_LED in C:\Users\11868\Documents\GitHub\Arduino-brd\Hareware\Sheet.SchDoc with B_LED from Schlib.SchLib
Replace Part H3 H? in C:\Users\11868\Documents\GitHub\Arduino-brd\Hareware\Sheet.SchDoc with H? from Schlib.SchLib
Replace Part POWER B_LED in C:\Users\11868\Documents\GitHub\Arduino-brd\Hareware\Sheet.SchDoc with B_LED from Schlib.SchLib
Replace Part R1 RES_1 in C:\Users\11868\Documents\GitHub\Arduino-brd\Hareware\Sheet.SchDoc with RES_1 from Schlib.SchLib
Replace Part R2 RES_1 in C:\Users\11868\Documents\GitHub\Arduino-brd\Hareware\Sheet.SchDoc with RES_1 from Schlib.SchLib
Replace Part R3 RES in C:\Users\11868\Documents\GitHub\Arduino-brd\Hareware\Sheet.SchDoc with RES from Schlib.SchLib
Replace Part R4 RES in C:\Users\11868\Documents\GitHub\Arduino-brd\Hareware\Sheet.SchDoc with RES from Schlib.SchLib
Replace Part R5 RES in C:\Users\11868\Documents\GitHub\Arduino-brd\Hareware\Sheet.SchDoc with RES from Schlib.SchLib
Replace Part R6 RES in C:\Users\11868\Documents\GitHub\Arduino-brd\Hareware\Sheet.SchDoc with RES from Schlib.SchLib
Replace Part R8 RES in C:\Users\11868\Documents\GitHub\Arduino-brd\Hareware\Sheet.SchDoc with RES from Schlib.SchLib
Replace Part RST KEY in C:\Users\11868\Documents\GitHub\Arduino-brd\Hareware\Sheet.SchDoc with KEY from Schlib.SchLib
Replace Part RX B_LED in C:\Users\11868\Documents\GitHub\Arduino-brd\Hareware\Sheet.SchDoc with B_LED from Schlib.SchLib
Replace Part TX B_LED in C:\Users\11868\Documents\GitHub\Arduino-brd\Hareware\Sheet.SchDoc with B_LED from Schlib.SchLib
Replace Part U1 ATMEGA328P-AU in C:\Users\11868\Documents\GitHub\Arduino-brd\Hareware\Sheet.SchDoc with ATMEGA328P-AU from Schlib.SchLib
Replace Part U2 MD8310A in C:\Users\11868\Documents\GitHub\Arduino-brd\Hareware\Sheet.SchDoc with MD8310A from Schlib.SchLib
Replace Part U3 AMS1117 in C:\Users\11868\Documents\GitHub\Arduino-brd\Hareware\Sheet.SchDoc with AMS1117 from Schlib.SchLib
Replace Part U6 CH340 in C:\Users\11868\Documents\GitHub\Arduino-brd\Hareware\Sheet.SchDoc with CH340 from Schlib.SchLib
Replace Part USB-1 TYPE-C in C:\Users\11868\Documents\GitHub\Arduino-brd\Hareware\Sheet.SchDoc with TYPE-C from Schlib.SchLib
